<?xml version="1.0" encoding="UTF-8"?>
<testng-results ignored="0" total="3" passed="1" failed="2" skipped="0">
  <reporter-output>
  </reporter-output>
  <suite started-at="2021-12-16T18:37:55 IST" name="Suite" finished-at="2021-12-16T18:38:13 IST" duration-ms="18025">
    <groups>
    </groups>
    <test started-at="2021-12-16T18:37:55 IST" name="EndToEndTests" finished-at="2021-12-16T18:38:13 IST" duration-ms="18025">
      <class name="uitests.TestHeadersOfAllPages">
        <test-method is-config="true" signature="setup()[pri:0, instance:uitests.TestHeadersOfAllPages@e3c0e40]" started-at="2021-12-16T18:37:55 IST" name="setup" finished-at="2021-12-16T18:37:58 IST" duration-ms="3334" status="PASS">
          <reporter-output>
          </reporter-output>
        </test-method> <!-- setup -->
        <test-method is-config="true" signature="beforeMethod()[pri:0, instance:uitests.TestHeadersOfAllPages@e3c0e40]" started-at="2021-12-16T18:37:58 IST" name="beforeMethod" finished-at="2021-12-16T18:38:00 IST" duration-ms="2320" status="PASS">
          <reporter-output>
          </reporter-output>
        </test-method> <!-- beforeMethod -->
        <test-method signature="verifyPageHeaders()[pri:0, instance:uitests.TestHeadersOfAllPages@e3c0e40]" started-at="2021-12-16T18:38:00 IST" name="verifyPageHeaders" finished-at="2021-12-16T18:38:04 IST" duration-ms="3672" status="PASS">
          <reporter-output>
          </reporter-output>
        </test-method> <!-- verifyPageHeaders -->
        <test-method is-config="true" signature="beforeMethod()[pri:0, instance:uitests.TestHeadersOfAllPages@e3c0e40]" started-at="2021-12-16T18:38:04 IST" name="beforeMethod" finished-at="2021-12-16T18:38:04 IST" duration-ms="352" status="PASS">
          <reporter-output>
          </reporter-output>
        </test-method> <!-- beforeMethod -->
        <test-method signature="verifyPaymentsHeader()[pri:0, instance:uitests.TestHeadersOfAllPages@e3c0e40]" started-at="2021-12-16T18:38:04 IST" name="verifyPaymentsHeader" finished-at="2021-12-16T18:38:13 IST" duration-ms="8031" status="FAIL">
          <exception class="java.lang.AssertionError">
            <message>
              <![CDATA[null]]>
            </message>
            <full-stacktrace>
              <![CDATA[java.lang.AssertionError: null
at org.testng.Assert.fail(Assert.java:99)
at org.testng.Assert.fail(Assert.java:106)
at pageobjects.PaymentWithCardPage.fillPaymentDetailsAndSubmit(PaymentWithCardPage.java:55)
at uitests.TestHeadersOfAllPages.verifyPaymentsHeader(TestHeadersOfAllPages.java:53)
at java.base/jdk.internal.reflect.NativeMethodAccessorImpl.invoke0(Native Method)
at java.base/jdk.internal.reflect.NativeMethodAccessorImpl.invoke(NativeMethodAccessorImpl.java:78)
at java.base/jdk.internal.reflect.DelegatingMethodAccessorImpl.invoke(DelegatingMethodAccessorImpl.java:43)
at java.base/java.lang.reflect.Method.invoke(Method.java:567)
at org.testng.internal.MethodInvocationHelper.invokeMethod(MethodInvocationHelper.java:133)
at org.testng.internal.TestInvoker.invokeMethod(TestInvoker.java:598)
at org.testng.internal.TestInvoker.invokeTestMethod(TestInvoker.java:173)
at org.testng.internal.MethodRunner.runInSequence(MethodRunner.java:46)
at org.testng.internal.TestInvoker$MethodInvocationAgent.invoke(TestInvoker.java:824)
at org.testng.internal.TestInvoker.invokeTestMethods(TestInvoker.java:146)
at org.testng.internal.TestMethodWorker.invokeTestMethods(TestMethodWorker.java:146)
at org.testng.internal.TestMethodWorker.run(TestMethodWorker.java:128)
at java.base/java.util.concurrent.ThreadPoolExecutor.runWorker(ThreadPoolExecutor.java:1130)
at java.base/java.util.concurrent.ThreadPoolExecutor$Worker.run(ThreadPoolExecutor.java:630)
at java.base/java.lang.Thread.run(Thread.java:831)
]]>
            </full-stacktrace>
          </exception> <!-- java.lang.AssertionError -->
          <reporter-output>
          </reporter-output>
        </test-method> <!-- verifyPaymentsHeader -->
        <test-method is-config="true" signature="teardown()[pri:0, instance:uitests.TestHeadersOfAllPages@e3c0e40]" started-at="2021-12-16T18:38:13 IST" name="teardown" finished-at="2021-12-16T18:38:13 IST" duration-ms="191" status="PASS">
          <reporter-output>
          </reporter-output>
        </test-method> <!-- teardown -->
      </class> <!-- uitests.TestHeadersOfAllPages -->
      <class name="uitests.TestClass">
        <test-method is-config="true" signature="setup()[pri:0, instance:uitests.TestClass@4a00d9cf]" started-at="2021-12-16T18:37:55 IST" name="setup" finished-at="2021-12-16T18:38:00 IST" duration-ms="5682" status="PASS">
          <reporter-output>
          </reporter-output>
        </test-method> <!-- setup -->
        <test-method signature="endToEndTest()[pri:0, instance:uitests.TestClass@4a00d9cf]" started-at="2021-12-16T18:38:00 IST" name="endToEndTest" finished-at="2021-12-16T18:38:10 IST" duration-ms="9799" status="FAIL">
          <exception class="java.lang.AssertionError">
            <message>
              <![CDATA[null]]>
            </message>
            <full-stacktrace>
              <![CDATA[java.lang.AssertionError: null
at org.testng.Assert.fail(Assert.java:99)
at org.testng.Assert.fail(Assert.java:106)
at pageobjects.PaymentWithCardPage.fillPaymentDetailsAndSubmit(PaymentWithCardPage.java:55)
at uitests.TestClass.endToEndTest(TestClass.java:76)
at java.base/jdk.internal.reflect.NativeMethodAccessorImpl.invoke0(Native Method)
at java.base/jdk.internal.reflect.NativeMethodAccessorImpl.invoke(NativeMethodAccessorImpl.java:78)
at java.base/jdk.internal.reflect.DelegatingMethodAccessorImpl.invoke(DelegatingMethodAccessorImpl.java:43)
at java.base/java.lang.reflect.Method.invoke(Method.java:567)
at org.testng.internal.MethodInvocationHelper.invokeMethod(MethodInvocationHelper.java:133)
at org.testng.internal.TestInvoker.invokeMethod(TestInvoker.java:598)
at org.testng.internal.TestInvoker.invokeTestMethod(TestInvoker.java:173)
at org.testng.internal.MethodRunner.runInSequence(MethodRunner.java:46)
at org.testng.internal.TestInvoker$MethodInvocationAgent.invoke(TestInvoker.java:824)
at org.testng.internal.TestInvoker.invokeTestMethods(TestInvoker.java:146)
at org.testng.internal.TestMethodWorker.invokeTestMethods(TestMethodWorker.java:146)
at org.testng.internal.TestMethodWorker.run(TestMethodWorker.java:128)
at java.base/java.util.concurrent.ThreadPoolExecutor.runWorker(ThreadPoolExecutor.java:1130)
at java.base/java.util.concurrent.ThreadPoolExecutor$Worker.run(ThreadPoolExecutor.java:630)
at java.base/java.lang.Thread.run(Thread.java:831)
]]>
            </full-stacktrace>
          </exception> <!-- java.lang.AssertionError -->
          <reporter-output>
          </reporter-output>
        </test-method> <!-- endToEndTest -->
        <test-method is-config="true" signature="teardown()[pri:0, instance:uitests.TestClass@4a00d9cf]" started-at="2021-12-16T18:38:10 IST" name="teardown" finished-at="2021-12-16T18:38:11 IST" duration-ms="208" status="PASS">
          <reporter-output>
          </reporter-output>
        </test-method> <!-- teardown -->
      </class> <!-- uitests.TestClass -->
    </test> <!-- EndToEndTests -->
  </suite> <!-- Suite -->
</testng-results>
